                    X
                   X X
                  X   X
                 X     X
                X       X
               X         X
              X           X
             X             X
            X               X
           X                 X
          X                   X
         X                     X
        X                       X
       X                         X
      X                           X
     X                             X
    X                               X
   X                                 X
  X                                   X
 X                                     X
XXXXXXXXXXXXXXXXXXXXXXXXXXXXXXXXXXXXXXXXX
X                                       X
X                                       X
X                                       X
X                                       X
X                                       X
X                                       X
X                                       X
XXXXXXXXXXXXXXXXXXXXXXXXXXXXXXXXXXXXXXXXX
